
1.0.2
	1. 臨打功能
	(1) 球隊管理者登錄球隊資訊，並提供球隊臨打的人數缺額
	(2) 球友查詢到

	2. 教練列表
	(1) 所有羽球教練的列表
	(2) 每位羽球教練的詳細內容介紹

	3. 球隊列表
	(1) 所有羽球球隊的列表
	(2) 每個羽球球隊的詳細內容介紹

	4. 教學列表
	(1) 所有羽球教學的列表
	(2) 每篇羽球教學的詳細內容

	5. 會員功能
	(1) 一般會員註冊
	(2) 使用FB來註冊會員
	(3) 一般會員登入
	(4) 使用FB來登入會員
	(5) 忘記密碼時的重設密碼
	(6) 會員更改密碼
	(7) 修改會員資料
	(8) 管理登錄的球隊資料
	(9) 加入球隊臨打

	6.球隊登錄功能
	(1) 登錄球隊的所有資料，來提供給球友瀏覽與加入臨打
	(2) 修改登錄球隊的資料
	(3) 加入球隊代表圖
	(4) 刪除加入登錄的球隊

	7. 球隊臨打功能
	(1) 開啟或關閉球隊是否接受球友臨打的開關
	(2) 開啟球隊臨打開關後，登錄臨打缺額
	(3) 當球友使用臨打功能來加入或取消球隊臨打時，球隊管理者可以同時收到手機推播、簡訊與email三種通知
1.0.3
	1.Mark test data for add team.
	2.Change login and register placeholder color.
	3.Add check temp play quantity not fill or 0 or string.
	4.Fix can't edit team bug, add value1 value for team avoid "Team updateNearDate" crash.
	1.移除新增球隊測試資料
	2.更改登入與註冊的提示與顏色
	3.增加檢查輸入臨打數字，不能為空白、文字或0
	4.修改編輯球隊時會當機的錯誤

	羽球密碼是一個針對羽球愛好者開發的平台APP，提供球友尋找臨打的球隊，並可以直接報名，解決球友羽球隊臨打的困擾。
除了球友臨打功能外，還可以查看「球館」、「球隊」的資訊內容，也提供羽球教練與教學的內容，可說是羽球球友最方便使用的APP了，請喜歡打羽毛球運動的使用者一定要下載下來使用。